<?xml version="1.0" encoding="UTF-8"?>
<!-- Generated by org.testng.reporters.JUnitXMLReporter -->
<testsuite ignored="0" hostname="DESKTOP-D762TU2" failures="0" tests="4" name="Test" time="50.793" errors="0" timestamp="2025-03-16T01:41:06 IST">
  <testcase classname="javaPackage.TestNg1" name="@AfterMethod Test4" time="0.003">
    <failure type="java.lang.NullPointerException" message="Cannot invoke &amp;quot;org.openqa.selenium.WebDriver.close()&amp;quot; because &amp;quot;this.driver&amp;quot; is null">
      <![CDATA[java.lang.NullPointerException: Cannot invoke "org.openqa.selenium.WebDriver.close()" because "this.driver" is null
at javaPackage.TestNg1.Test4(TestNg1.java:35)
at java.base/java.util.ArrayList.forEach(ArrayList.java:1596)
... Removed 30 stack frames]]>
    </failure>
  </testcase> <!-- @AfterMethod Test4 -->
  <testcase classname="javaPackage.TestNg1" name="@AfterMethod Test4" time="0.0">
    <skipped/>
  </testcase> <!-- @AfterMethod Test4 -->
  <testcase classname="javaPackage.TestNg1" name="Test1" time="0.014"/>
  <testcase classname="javaPackage.TestNg1" name="Test2" time="0.001">
    <skipped/>
  </testcase> <!-- Test2 -->
  <testcase classname="javaPackage.Program1" name="Verify_Logo" time="1.195"/>
  <testcase classname="javaPackage.Program1" name="verifyTitle" time="0.187"/>
</testsuite> <!-- Test -->
