<?xml version="1.0" encoding="UTF-8"?>
<testng-results ignored="0" total="2" passed="2" failed="0" skipped="0">
  <reporter-output>
  </reporter-output>
  <suite started-at="2025-03-15T12:44:46 IST" name="Surefire suite" finished-at="2025-03-15T12:44:47 IST" duration-ms="83">
    <groups>
    </groups>
    <test started-at="2025-03-15T12:44:46 IST" name="Surefire test" finished-at="2025-03-15T12:44:47 IST" duration-ms="83">
      <class name="javaPackage.TestNg1">
        <test-method is-config="true" signature="Test3()[pri:0, instance:javaPackage.TestNg1@3c22fc4c]" started-at="2025-03-15T12:44:27 IST" name="Test3" finished-at="2025-03-15T12:44:46 IST" duration-ms="19819" status="PASS">
          <reporter-output>
          </reporter-output>
        </test-method> <!-- Test3 -->
        <test-method signature="Test1()[pri:0, instance:javaPackage.TestNg1@3c22fc4c]" started-at="2025-03-15T12:44:46 IST" name="Test1" finished-at="2025-03-15T12:44:47 IST" duration-ms="7" status="PASS">
          <reporter-output>
          </reporter-output>
        </test-method> <!-- Test1 -->
        <test-method is-config="true" signature="Test4()[pri:0, instance:javaPackage.TestNg1@3c22fc4c]" started-at="2025-03-15T12:44:47 IST" name="Test4" finished-at="2025-03-15T12:44:47 IST" duration-ms="1" status="PASS">
          <reporter-output>
          </reporter-output>
        </test-method> <!-- Test4 -->
        <test-method signature="Test2()[pri:0, instance:javaPackage.TestNg1@3c22fc4c]" started-at="2025-03-15T12:44:47 IST" name="Test2" finished-at="2025-03-15T12:44:47 IST" duration-ms="0" status="PASS">
          <reporter-output>
          </reporter-output>
        </test-method> <!-- Test2 -->
        <test-method is-config="true" signature="Test4()[pri:0, instance:javaPackage.TestNg1@3c22fc4c]" started-at="2025-03-15T12:44:47 IST" name="Test4" finished-at="2025-03-15T12:44:47 IST" duration-ms="1" status="PASS">
          <reporter-output>
          </reporter-output>
        </test-method> <!-- Test4 -->
      </class> <!-- javaPackage.TestNg1 -->
    </test> <!-- Surefire test -->
  </suite> <!-- Surefire suite -->
</testng-results>
