<?xml version="1.0" encoding="UTF-8"?>
<testng-results ignored="0" total="2" passed="2" failed="0" skipped="0">
  <reporter-output>
  </reporter-output>
  <suite started-at="2025-03-15T12:20:55 IST" name="Default suite" finished-at="2025-03-15T12:20:56 IST" duration-ms="230">
    <groups>
    </groups>
    <test started-at="2025-03-15T12:20:55 IST" name="Default test" finished-at="2025-03-15T12:20:56 IST" duration-ms="230">
      <class name="javaPackage.TestNg1">
        <test-method is-config="true" signature="Test3()[pri:0, instance:javaPackage.TestNg1@1d296da]" started-at="2025-03-15T12:20:45 IST" name="Test3" finished-at="2025-03-15T12:20:55 IST" duration-ms="9961" status="PASS">
          <reporter-output>
          </reporter-output>
        </test-method> <!-- Test3 -->
        <test-method signature="Test1()[pri:0, instance:javaPackage.TestNg1@1d296da]" started-at="2025-03-15T12:20:55 IST" name="Test1" finished-at="2025-03-15T12:20:55 IST" duration-ms="16" status="PASS">
          <reporter-output>
          </reporter-output>
        </test-method> <!-- Test1 -->
        <test-method is-config="true" signature="Test4()[pri:0, instance:javaPackage.TestNg1@1d296da]" started-at="2025-03-15T12:20:56 IST" name="Test4" finished-at="2025-03-15T12:20:56 IST" duration-ms="1" status="PASS">
          <reporter-output>
          </reporter-output>
        </test-method> <!-- Test4 -->
        <test-method signature="Test2()[pri:0, instance:javaPackage.TestNg1@1d296da]" started-at="2025-03-15T12:20:56 IST" name="Test2" finished-at="2025-03-15T12:20:56 IST" duration-ms="6" status="PASS">
          <reporter-output>
          </reporter-output>
        </test-method> <!-- Test2 -->
        <test-method is-config="true" signature="Test4()[pri:0, instance:javaPackage.TestNg1@1d296da]" started-at="2025-03-15T12:20:56 IST" name="Test4" finished-at="2025-03-15T12:20:56 IST" duration-ms="6" status="PASS">
          <reporter-output>
          </reporter-output>
        </test-method> <!-- Test4 -->
      </class> <!-- javaPackage.TestNg1 -->
    </test> <!-- Default test -->
  </suite> <!-- Default suite -->
</testng-results>
