<?xml version="1.0" encoding="UTF-8"?>
<testng-results ignored="0" total="2" passed="2" failed="0" skipped="0">
  <reporter-output>
  </reporter-output>
  <suite started-at="2025-03-15T20:54:18 IST" name="Suite" finished-at="2025-03-15T20:54:58 IST" duration-ms="40357">
    <groups>
    </groups>
    <test started-at="2025-03-15T20:54:18 IST" name="Test" finished-at="2025-03-15T20:54:58 IST" duration-ms="40357">
      <class name="MyTest.Program1">
        <test-method is-config="true" signature="Setup()[pri:0, instance:MyTest.Program1@443118b0]" started-at="2025-03-15T20:54:18 IST" name="Setup" finished-at="2025-03-15T20:54:44 IST" duration-ms="25984" status="PASS">
          <reporter-output>
          </reporter-output>
        </test-method> <!-- Setup -->
        <test-method signature="Verify_Logo()[pri:0, instance:MyTest.Program1@443118b0]" started-at="2025-03-15T20:54:44 IST" name="Verify_Logo" finished-at="2025-03-15T20:54:44 IST" duration-ms="139" status="PASS">
          <reporter-output>
          </reporter-output>
        </test-method> <!-- Verify_Logo -->
        <test-method is-config="true" signature="tearDown()[pri:0, instance:MyTest.Program1@443118b0]" started-at="2025-03-15T20:54:44 IST" name="tearDown" finished-at="2025-03-15T20:54:44 IST" duration-ms="489" status="PASS">
          <reporter-output>
          </reporter-output>
        </test-method> <!-- tearDown -->
        <test-method is-config="true" signature="Setup()[pri:0, instance:MyTest.Program1@443118b0]" started-at="2025-03-15T20:54:44 IST" name="Setup" finished-at="2025-03-15T20:54:57 IST" duration-ms="13075" status="PASS">
          <reporter-output>
          </reporter-output>
        </test-method> <!-- Setup -->
        <test-method signature="verifyTitle()[pri:0, instance:MyTest.Program1@443118b0]" started-at="2025-03-15T20:54:57 IST" name="verifyTitle" finished-at="2025-03-15T20:54:58 IST" duration-ms="258" status="PASS">
          <reporter-output>
          </reporter-output>
        </test-method> <!-- verifyTitle -->
        <test-method is-config="true" signature="tearDown()[pri:0, instance:MyTest.Program1@443118b0]" started-at="2025-03-15T20:54:58 IST" name="tearDown" finished-at="2025-03-15T20:54:58 IST" duration-ms="334" status="PASS">
          <reporter-output>
          </reporter-output>
        </test-method> <!-- tearDown -->
      </class> <!-- MyTest.Program1 -->
    </test> <!-- Test -->
  </suite> <!-- Suite -->
</testng-results>
